<?xml version="1.0" encoding="UTF-8"?>
<!-- Generated by org.testng.reporters.JUnitReportReporter -->
<testsuite hostname="Tanias-MacBook-Pro.local" failures="0" tests="1" name="com.Dropdown.BasicDropdown" time="6.531" errors="0" timestamp="2021-05-06T01:00:03 CDT" skipped="0">
  <testcase classname="com.Dropdown.BasicDropdown" name="dropdownTest" time="6.531"/>
</testsuite> <!-- com.Dropdown.BasicDropdown -->
