<?xml version="1.0" encoding="UTF-8"?>
<!-- Generated by org.testng.reporters.JUnitReportReporter -->
<testsuite hostname="Tanias-MacBook-Pro.local" failures="0" tests="1" name="com.Dropdown.MouseHoover" time="5.798" errors="0" timestamp="2021-05-06T01:33:52 CDT" skipped="0">
  <testcase classname="com.Dropdown.MouseHoover" name="mouseHoover" time="5.798"/>
</testsuite> <!-- com.Dropdown.MouseHoover -->
